<?xml version="1.0" encoding="UTF-8"?>
<testng-results skipped="0" failed="0" total="1" passed="1">
  <reporter-output>
  </reporter-output>
  <suite name="Suite" duration-ms="22901" started-at="2018-02-02T21:07:03Z" finished-at="2018-02-02T21:07:26Z">
    <groups>
    </groups>
    <test name="Test" duration-ms="22901" started-at="2018-02-02T21:07:03Z" finished-at="2018-02-02T21:07:26Z">
      <class name="com.page.Testlogin">
        <test-method status="PASS" signature="pre()[pri:0, instance:com.page.Testlogin@5594a1b5]" name="pre" is-config="true" duration-ms="2931" started-at="2018-02-03T02:37:03Z" finished-at="2018-02-03T02:37:06Z">
          <reporter-output>
          </reporter-output>
        </test-method> <!-- pre -->
        <test-method status="PASS" signature="login()[pri:0, instance:com.page.Testlogin@5594a1b5]" name="login" duration-ms="274" started-at="2018-02-03T02:37:06Z" finished-at="2018-02-03T02:37:07Z">
          <reporter-output>
          </reporter-output>
        </test-method> <!-- login -->
        <test-method status="PASS" signature="post()[pri:0, instance:com.page.Testlogin@5594a1b5]" name="post" is-config="true" duration-ms="19686" started-at="2018-02-03T02:37:07Z" finished-at="2018-02-03T02:37:26Z">
          <reporter-output>
          </reporter-output>
        </test-method> <!-- post -->
      </class> <!-- com.page.Testlogin -->
    </test> <!-- Test -->
  </suite> <!-- Suite -->
</testng-results>
